<?xml version="1.0" encoding="UTF-8"?>
<!-- Generated by org.testng.reporters.JUnitXMLReporter -->
<testsuite ignored="0" hostname="MOLY" failures="1" tests="3" name="Test" time="39.168" errors="0" timestamp="2020-07-14T11:41:00 IST">
  <testcase classname="com.frameworkfromscratch.com.fullStack.TextValidation" name="textValidation" time="11.869">
    <failure type="java.lang.AssertionError" message="expected [FEATURED123 COURSES] but found [FEATURED COURSES]">
      <![CDATA[java.lang.AssertionError: expected [FEATURED123 COURSES] but found [FEATURED COURSES]
at com.frameworkfromscratch.com.fullStack.TextValidation.textValidation(TextValidation.java:21)
at java.base/java.util.ArrayList.forEach(ArrayList.java:1510)
... Removed 32 stack frames]]>
    </failure>
  </testcase> <!-- textValidation -->
  <testcase classname="com.frameworkfromscratch.com.fullStack.FirstPageTest" name="firstPageTest" time="9.528"/>
  <testcase classname="com.frameworkfromscratch.com.fullStack.FirstPageTest" name="firstPageTest" time="12.108"/>
</testsuite> <!-- Test -->
